<?xml version="1.0" encoding="UTF-8"?>
<!-- Generated by org.testng.reporters.JUnitReportReporter -->
<testsuite skipped="0" hostname="XKL-0492" name="com.iphone11.TestCase.PriceComparisionTest" tests="1" failures="0" timestamp="2020-12-20T18:39:19 SGT" time="46.211" errors="0">
  <testcase name="Test1" time="46.211" classname="com.iphone11.TestCase.PriceComparisionTest"/>
  <system-out/>
</testsuite> <!-- com.iphone11.TestCase.PriceComparisionTest -->
